<?xml version="1.0" encoding="UTF-8" ?>
<testsuite tests="9" failures="2" name="TestRunner" time="0.048" errors="0" skipped="2">
  <properties>
    <property name="java.runtime.name" value="OpenJDK Runtime Environment"/>
    <property name="sun.boot.library.path" value="/Users/dhora/.sdkman/candidates/java/8.0.212-zulu/jre/lib"/>
    <property name="java.vm.version" value="25.212-b04"/>
    <property name="gopherProxySet" value="false"/>
    <property name="java.vm.vendor" value="Azul Systems, Inc."/>
    <property name="maven.multiModuleProjectDirectory" value="/Users/dhora/Documents/Projects/TestCodes/webui-gt"/>
    <property name="java.vendor.url" value="http://www.azulsystems.com/"/>
    <property name="path.separator" value=":"/>
    <property name="guice.disable.misplaced.annotation.check" value="true"/>
    <property name="java.vm.name" value="OpenJDK 64-Bit Server VM"/>
    <property name="file.encoding.pkg" value="sun.io"/>
    <property name="user.country" value="AU"/>
    <property name="sun.java.launcher" value="SUN_STANDARD"/>
    <property name="sun.os.patch.level" value="unknown"/>
    <property name="java.vm.specification.name" value="Java Virtual Machine Specification"/>
    <property name="user.dir" value="/Users/dhora/Documents/Projects/TestCodes/webui-gt"/>
    <property name="java.runtime.version" value="1.8.0_212-b04"/>
    <property name="java.awt.graphicsenv" value="sun.awt.CGraphicsEnvironment"/>
    <property name="java.endorsed.dirs" value="/Users/dhora/.sdkman/candidates/java/8.0.212-zulu/jre/lib/endorsed"/>
    <property name="os.arch" value="x86_64"/>
    <property name="java.io.tmpdir" value="/var/folders/lk/725t8p9s0_59c3mdc7bn798r0000gq/T/"/>
    <property name="line.separator" value="
"/>
    <property name="java.vm.specification.vendor" value="Oracle Corporation"/>
    <property name="os.name" value="Mac OS X"/>
    <property name="classworlds.conf" value="/Users/dhora/.sdkman/candidates/maven/current/bin/m2.conf"/>
    <property name="sun.jnu.encoding" value="UTF-8"/>
    <property name="java.library.path" value="/Users/dhora/Library/Java/Extensions:/Library/Java/Extensions:/Network/Library/Java/Extensions:/System/Library/Java/Extensions:/usr/lib/java:."/>
    <property name="java.specification.name" value="Java Platform API Specification"/>
    <property name="java.class.version" value="52.0"/>
    <property name="sun.management.compiler" value="HotSpot 64-Bit Tiered Compilers"/>
    <property name="os.version" value="10.14.6"/>
    <property name="user.home" value="/Users/dhora"/>
    <property name="user.timezone" value="Australia/Sydney"/>
    <property name="java.awt.printerjob" value="sun.lwawt.macosx.CPrinterJob"/>
    <property name="java.specification.version" value="1.8"/>
    <property name="file.encoding" value="UTF-8"/>
    <property name="user.name" value="dhora"/>
    <property name="java.class.path" value="/Users/dhora/.sdkman/candidates/maven/current/boot/plexus-classworlds-2.5.2.jar"/>
    <property name="java.vm.specification.version" value="1.8"/>
    <property name="sun.arch.data.model" value="64"/>
    <property name="java.home" value="/Users/dhora/.sdkman/candidates/java/8.0.212-zulu/jre"/>
    <property name="sun.java.command" value="org.codehaus.plexus.classworlds.launcher.Launcher clean verify"/>
    <property name="java.specification.vendor" value="Oracle Corporation"/>
    <property name="user.language" value="en"/>
    <property name="awt.toolkit" value="sun.lwawt.macosx.LWCToolkit"/>
    <property name="java.vm.info" value="mixed mode"/>
    <property name="java.version" value="1.8.0_212"/>
    <property name="java.ext.dirs" value="/Users/dhora/Library/Java/Extensions:/Users/dhora/.sdkman/candidates/java/8.0.212-zulu/jre/lib/ext:/Library/Java/Extensions:/Network/Library/Java/Extensions:/System/Library/Java/Extensions:/usr/lib/java"/>
    <property name="sun.boot.class.path" value="/Users/dhora/.sdkman/candidates/java/8.0.212-zulu/jre/lib/resources.jar:/Users/dhora/.sdkman/candidates/java/8.0.212-zulu/jre/lib/rt.jar:/Users/dhora/.sdkman/candidates/java/8.0.212-zulu/jre/lib/sunrsasign.jar:/Users/dhora/.sdkman/candidates/java/8.0.212-zulu/jre/lib/jsse.jar:/Users/dhora/.sdkman/candidates/java/8.0.212-zulu/jre/lib/jce.jar:/Users/dhora/.sdkman/candidates/java/8.0.212-zulu/jre/lib/charsets.jar:/Users/dhora/.sdkman/candidates/java/8.0.212-zulu/jre/lib/jfr.jar:/Users/dhora/.sdkman/candidates/java/8.0.212-zulu/jre/classes"/>
    <property name="java.vendor" value="Azul Systems, Inc."/>
    <property name="maven.home" value="/Users/dhora/.sdkman/candidates/maven/current"/>
    <property name="file.separator" value="/"/>
    <property name="java.vendor.url.bug" value="http://www.azulsystems.com/support/"/>
    <property name="sun.cpu.endian" value="little"/>
    <property name="sun.io.unicode.encoding" value="UnicodeBig"/>
    <property name="sun.cpu.isalist" value=""/>
  </properties>
  <testcase classname="Scenario: Search Gumtree for &quot;Sennheiser Headphones&quot; in &quot;Electronics &amp; Computers&quot; category and access search results" name="Given user visits gumtree homepage" time="0.006"/>
  <testcase classname="Scenario: Search Gumtree for &quot;Sennheiser Headphones&quot; in &quot;Electronics &amp; Computers&quot; category and access search results" name="When searches for &quot;Sennheiser Headphones&quot; in category &quot;Electronics &amp; Computer&quot;" time="0"/>
  <testcase classname="Scenario: Search Gumtree for &quot;Sennheiser Headphones&quot; in &quot;Electronics &amp; Computers&quot; category and access search results" name="And region is &quot;Sydney Region, NSW&quot; within 20km" time="0"/>
  <testcase classname="Scenario: Search Gumtree for &quot;Sennheiser Headphones&quot; in &quot;Electronics &amp; Computers&quot; category and access search results" name="Then clicks on submit button" time="0"/>
  <testcase classname="Scenario: Search Gumtree for &quot;Sennheiser Headphones&quot; in &quot;Electronics &amp; Computers&quot; category and access search results" name="When selects a random result from search results" time="0"/>
  <testcase classname="Scenario: Search Gumtree for &quot;Sennheiser Headphones&quot; in &quot;Electronics &amp; Computers&quot; category and access search results" name="Then verify ad details page opens" time="0.006">
    <failure type="java.lang.AssertionError">java.lang.AssertionError
	at org.junit.Assert.fail(Assert.java:87)
	at org.junit.Assert.assertTrue(Assert.java:42)
	at org.junit.Assert.assertTrue(Assert.java:53)
	at step_defs.UiStepDefinitions.verify_ad_details_page_opens(UiStepDefinitions.java:65)
	at ✽.Then verify ad details page opens(gumtree-search-results.feature:10)
</failure>
    <system-out>Ad details page title is: sennheiser headphones in Sydney Region, NSW | Electronics &amp; Computer | Gumtree Australia Free Local Classifieds
</system-out>
  </testcase>
  <testcase classname="Scenario: Search Gumtree for &quot;Sennheiser Headphones&quot; in &quot;Electronics &amp; Computers&quot; category and access search results" name="Scenario: Search Gumtree for &quot;Sennheiser Headphones&quot; in &quot;Electronics &amp; Computers&quot; category and access search results" time="0.006">
    <failure type="java.lang.AssertionError">java.lang.AssertionError
	at org.junit.Assert.fail(Assert.java:87)
	at org.junit.Assert.assertTrue(Assert.java:42)
	at org.junit.Assert.assertTrue(Assert.java:53)
	at step_defs.UiStepDefinitions.verify_ad_details_page_opens(UiStepDefinitions.java:65)
	at ✽.Then verify ad details page opens(gumtree-search-results.feature:10)
</failure>
  </testcase>
  <testcase classname="Scenario: Search Gumtree for &quot;Sennheiser Headphones&quot; in &quot;Electronics &amp; Computers&quot; category and access search results" name="And verify numeric ad id is displayed" time="0.015">
    <skipped/>
  </testcase>
  <testcase classname="Scenario: Search Gumtree for &quot;Sennheiser Headphones&quot; in &quot;Electronics &amp; Computers&quot; category and access search results" name="And verify similar ad is displayed in the page" time="0.015">
    <skipped/>
  </testcase>
</testsuite>